Determining if the pthread_create exist failed with the following output:
Change Dir: C:/Cours/Synthese d'image/HeroKart/build/CMakeFiles/CMakeTmp

Run Build Command:C:/Logiciels/MinGW/bin/mingw32-make.exe "cmTryCompileExec3994479135/fast"
C:/Logiciels/MinGW/bin/mingw32-make.exe -f CMakeFiles\cmTryCompileExec3994479135.dir\build.make CMakeFiles/cmTryCompileExec3994479135.dir/build
mingw32-make.exe[1]: Entering directory 'C:/Cours/Synthese d'image/HeroKart/build/CMakeFiles/CMakeTmp'
"C:\Logiciels\CMake 2.8\bin\cmake.exe" -E cmake_progress_report "C:\Cours\Synthese d'image\HeroKart\build\CMakeFiles\CMakeTmp\CMakeFiles" 1
Building C object CMakeFiles/cmTryCompileExec3994479135.dir/CheckSymbolExists.c.obj
C:\Logiciels\MinGW\bin\gcc.exe    -o CMakeFiles\cmTryCompileExec3994479135.dir\CheckSymbolExists.c.obj   -c "C:\Cours\Synthese d'image\HeroKart\build\CMakeFiles\CMakeTmp\CheckSymbolExists.c"
Linking C executable cmTryCompileExec3994479135.exe
"C:\Logiciels\CMake 2.8\bin\cmake.exe" -E cmake_link_script CMakeFiles\cmTryCompileExec3994479135.dir\link.txt --verbose=1
"C:\Logiciels\CMake 2.8\bin\cmake.exe" -E remove -f CMakeFiles\cmTryCompileExec3994479135.dir/objects.a
C:\Logiciels\MinGW\bin\ar.exe cr CMakeFiles\cmTryCompileExec3994479135.dir/objects.a @CMakeFiles\cmTryCompileExec3994479135.dir\objects1.rsp
C:\Logiciels\MinGW\bin\gcc.exe       -Wl,--whole-archive CMakeFiles\cmTryCompileExec3994479135.dir/objects.a -Wl,--no-whole-archive  -o cmTryCompileExec3994479135.exe -Wl,--out-implib,libcmTryCompileExec3994479135.dll.a -Wl,--major-image-version,0,--minor-image-version,0  -lkernel32 -luser32 -lgdi32 -lwinspool -lshell32 -lole32 -loleaut32 -luuid -lcomdlg32 -ladvapi32 
CMakeFiles\cmTryCompileExec3994479135.dir/objects.a(CheckSymbolExists.c.obj):CheckSymbolExists.c:(.text+0x16): undefined reference to `_imp__pthread_create'
collect2.exe: error: ld returned 1 exit status
CMakeFiles\cmTryCompileExec3994479135.dir\build.make:91: recipe for target 'cmTryCompileExec3994479135.exe' failed
mingw32-make.exe[1]: *** [cmTryCompileExec3994479135.exe] Error 1
mingw32-make.exe[1]: Leaving directory 'C:/Cours/Synthese d'image/HeroKart/build/CMakeFiles/CMakeTmp'
Makefile:116: recipe for target 'cmTryCompileExec3994479135/fast' failed
mingw32-make.exe: *** [cmTryCompileExec3994479135/fast] Error 2

File C:/Cours/Synthese d'image/HeroKart/build/CMakeFiles/CMakeTmp/CheckSymbolExists.c:
/* */
#include <pthread.h>

int main(int argc, char** argv)
{
  (void)argv;
#ifndef pthread_create
  return ((int*)(&pthread_create))[argc];
#else
  (void)argc;
  return 0;
#endif
}

Determining if the function pthread_create exists in the pthreads failed with the following output:
Change Dir: C:/Cours/Synthese d'image/HeroKart/build/CMakeFiles/CMakeTmp

Run Build Command:C:/Logiciels/MinGW/bin/mingw32-make.exe "cmTryCompileExec4236045361/fast"
C:/Logiciels/MinGW/bin/mingw32-make.exe -f CMakeFiles\cmTryCompileExec4236045361.dir\build.make CMakeFiles/cmTryCompileExec4236045361.dir/build
mingw32-make.exe[1]: Entering directory 'C:/Cours/Synthese d'image/HeroKart/build/CMakeFiles/CMakeTmp'
"C:\Logiciels\CMake 2.8\bin\cmake.exe" -E cmake_progress_report "C:\Cours\Synthese d'image\HeroKart\build\CMakeFiles\CMakeTmp\CMakeFiles" 1
Building C object CMakeFiles/cmTryCompileExec4236045361.dir/CheckFunctionExists.c.obj
C:\Logiciels\MinGW\bin\gcc.exe   -DCHECK_FUNCTION_EXISTS=pthread_create   -o CMakeFiles\cmTryCompileExec4236045361.dir\CheckFunctionExists.c.obj   -c "C:\Logiciels\CMake 2.8\share\cmake-2.8\Modules\CheckFunctionExists.c"
Linking C executable cmTryCompileExec4236045361.exe
"C:\Logiciels\CMake 2.8\bin\cmake.exe" -E cmake_link_script CMakeFiles\cmTryCompileExec4236045361.dir\link.txt --verbose=1
"C:\Logiciels\CMake 2.8\bin\cmake.exe" -E remove -f CMakeFiles\cmTryCompileExec4236045361.dir/objects.a
C:\Logiciels\MinGW\bin\ar.exe cr CMakeFiles\cmTryCompileExec4236045361.dir/objects.a @CMakeFiles\cmTryCompileExec4236045361.dir\objects1.rsp
C:\Logiciels\MinGW\bin\gcc.exe   -DCHECK_FUNCTION_EXISTS=pthread_create    -Wl,--whole-archive CMakeFiles\cmTryCompileExec4236045361.dir/objects.a -Wl,--no-whole-archive  -o cmTryCompileExec4236045361.exe -Wl,--out-implib,libcmTryCompileExec4236045361.dll.a -Wl,--major-image-version,0,--minor-image-version,0  -lpthreads -lkernel32 -luser32 -lgdi32 -lwinspool -lshell32 -lole32 -loleaut32 -luuid -lcomdlg32 -ladvapi32 
c:/logiciels/mingw/bin/../lib/gcc/mingw32/4.8.1/../../../../mingw32/bin/ld.exe: cannot find -lpthreads
collect2.exe: error: ld returned 1 exit status
CMakeFiles\cmTryCompileExec4236045361.dir\build.make:91: recipe for target 'cmTryCompileExec4236045361.exe' failed
mingw32-make.exe[1]: *** [cmTryCompileExec4236045361.exe] Error 1
mingw32-make.exe[1]: Leaving directory 'C:/Cours/Synthese d'image/HeroKart/build/CMakeFiles/CMakeTmp'
Makefile:116: recipe for target 'cmTryCompileExec4236045361/fast' failed
mingw32-make.exe: *** [cmTryCompileExec4236045361/fast] Error 2


Determining if the function fseeko exists failed with the following output:
Change Dir: C:/Cours/Synthese d'image/HeroKart/build/CMakeFiles/CMakeTmp

Run Build Command:C:/Logiciels/MinGW/bin/mingw32-make.exe "cmTryCompileExec3436557334/fast"
C:/Logiciels/MinGW/bin/mingw32-make.exe -f CMakeFiles\cmTryCompileExec3436557334.dir\build.make CMakeFiles/cmTryCompileExec3436557334.dir/build
mingw32-make.exe[1]: Entering directory 'C:/Cours/Synthese d'image/HeroKart/build/CMakeFiles/CMakeTmp'
"C:\Logiciels\CMake 2.8\bin\cmake.exe" -E cmake_progress_report "C:\Cours\Synthese d'image\HeroKart\build\CMakeFiles\CMakeTmp\CMakeFiles" 1
Building C object CMakeFiles/cmTryCompileExec3436557334.dir/CheckFunctionExists.c.obj
C:\Logiciels\MinGW\bin\gcc.exe   -DCHECK_FUNCTION_EXISTS=fseeko   -o CMakeFiles\cmTryCompileExec3436557334.dir\CheckFunctionExists.c.obj   -c "C:\Logiciels\CMake 2.8\share\cmake-2.8\Modules\CheckFunctionExists.c"
Linking C executable cmTryCompileExec3436557334.exe
"C:\Logiciels\CMake 2.8\bin\cmake.exe" -E cmake_link_script CMakeFiles\cmTryCompileExec3436557334.dir\link.txt --verbose=1
"C:\Logiciels\CMake 2.8\bin\cmake.exe" -E remove -f CMakeFiles\cmTryCompileExec3436557334.dir/objects.a
C:\Logiciels\MinGW\bin\ar.exe cr CMakeFiles\cmTryCompileExec3436557334.dir/objects.a @CMakeFiles\cmTryCompileExec3436557334.dir\objects1.rsp
C:\Logiciels\MinGW\bin\gcc.exe   -DCHECK_FUNCTION_EXISTS=fseeko    -Wl,--whole-archive CMakeFiles\cmTryCompileExec3436557334.dir/objects.a -Wl,--no-whole-archive  -o cmTryCompileExec3436557334.exe -Wl,--out-implib,libcmTryCompileExec3436557334.dll.a -Wl,--major-image-version,0,--minor-image-version,0  -lkernel32 -luser32 -lgdi32 -lwinspool -lshell32 -lole32 -loleaut32 -luuid -lcomdlg32 -ladvapi32 
CMakeFiles\cmTryCompileExec3436557334.dir/objects.a(CheckFunctionExists.c.obj):CheckFunctionExists.c:(.text+0xc): undefined reference to `fseeko'
collect2.exe: error: ld returned 1 exit status
CMakeFiles\cmTryCompileExec3436557334.dir\build.make:91: recipe for target 'cmTryCompileExec3436557334.exe' failed
mingw32-make.exe[1]: *** [cmTryCompileExec3436557334.exe] Error 1
mingw32-make.exe[1]: Leaving directory 'C:/Cours/Synthese d'image/HeroKart/build/CMakeFiles/CMakeTmp'
Makefile:116: recipe for target 'cmTryCompileExec3436557334/fast' failed
mingw32-make.exe: *** [cmTryCompileExec3436557334/fast] Error 2


